Unable to capture context for thread 244612 in process 243252, can not generate back trace
Unable to capture context for thread 247588 in process 243252, can not generate back trace
Unable to capture context for thread 248124 in process 243252, can not generate back trace
Unable to capture context for thread 248452 in process 243252, can not generate back trace
Exception at PC 0x00007FF8326BCD29
Exception at PC 0x00007FF8326BCD29
Exception at PC 0x00007FFF6286BB93
Printing stacktrace...

Exception at PC 0x00007FF8326BCD29
Exception at PC 0x00007FF8326BCD29
Exception at PC 0x00007FF8326BCD29
[0]  [0x00007FFF6286BB93]
[1]  [0x00007FFF6286BB93]
[2]  [0x00007FFF6286B4A1]
[3]  [0x00007FFF6286B3EF]
Exception at PC 0x00007FF8326BCD29
[4]  [0x00007FFF628519FE]
[5]  [0x00007FFF62850ED1]
[6]  [0x00007FFF62850D76]
[7]  [0x00007FFF627F79F6]
[8]  [0x00007FFF627E7AFB]
[9]  [0x00007FFF6290E90A]
[10]  [0x00007FFF62929F87]
[11]  [0x00007FFF6292A05F]
[12] (BaseThreadInitThunk+0x14) [0x00007FF834D67034]
[13] (RtlUserThreadStart+0x21) [0x00007FF834F826A1]
Done
Exception at PC 0x00007FF8326BCD29
Exception at PC 0x00007FF8326BCD29
Exception at PC 0x00007FF8326BCD29
Exception at PC 0x00007FF8326BCD29
Exception at PC 0x00007FF8326BCD29
Exception at PC 0x00007FF8326BCD29
Exception at PC 0x00007FF8326BCD29
Exception at PC 0x00007FF8326BCD29
Exception at PC 0x00007FF8326BCD29
Exception at PC 0x00007FF8326BCD29
Exception at PC 0x00007FF8326BCD29
Exception at PC 0x00007FF8326BCD29
Exception at PC 0x00007FFF62571A52
Attemped to write at address 0x00007FFFB9FF9BA4
Printing stacktrace...

[0]  [0x00007FFF62571A52]
[1]  [0x00007FFF62571A52]
[2]  [0x00007FFF62571AD4]
[3]  [0x00007FFF626B3FF7]
[4]  [0x00007FFF62599128]
[5]  [0x00007FFF6284DFB9]
[6]  [0x00007FFF62A1EF23]
[7]  [0x00007FFF6292B06B]
[8]  [0x00007FFF629208AF]
[9]  [0x00007FFF62920A32]
[10] (RtlActivateActivationContextUnsafeFast+0x11d) [0x00007FF834F49A1D]
[11] (LdrShutdownProcess+0x24c) [0x00007FF834F8DCEC]
[12] (RtlExitUserProcess+0xad) [0x00007FF834F8DA7D]
[13] (FatalExit+0xb) [0x00007FF834D6E0AB]
[14] (exit+0x85) [0x00007FF8343EA155]
[15] (initterm_e+0x245) [0x00007FF8343EA7C5]
[16]  [0x00000000004014CD]
[17]  [0x000000000040151B]
[18] (BaseThreadInitThunk+0x14) [0x00007FF834D67034]
[19] (RtlUserThreadStart+0x21) [0x00007FF834F826A1]
Done
