Exception at PC 0x00007FF8326BCD29
Exception at PC 0x00007FFFB7C4BB93
Printing stacktrace...

Exception at PC 0x00007FF8326BCD29
Exception at PC 0x00007FF8326BCD29
Exception at PC 0x00007FF8326BCD29
Exception at PC 0x00007FF8326BCD29
[0]  [0x00007FFFB7C4BB93]
[1]  [0x00007FFFB7C4BB93]
[2]  [0x00007FFFB7C4B4A1]
[3]  [0x00007FFFB7C4B3EF]
[4]  [0x00007FFFB7C319FE]
[5]  [0x00007FFFB7C30ED1]
[6]  [0x00007FFFB7C30D76]
[7]  [0x00007FFFB7BD79F6]
[8]  [0x00007FFFB7BC7AFB]
[9]  [0x00007FFFB7CEE90A]
[10]  [0x00007FFFB7D09F87]
[11]  [0x00007FFFB7D0A05F]
[12] (BaseThreadInitThunk+0x14) [0x00007FF834D67034]
[13] (RtlUserThreadStart+0x21) [0x00007FF834F826A1]
Done
Exception at PC 0x00007FF8326BCD29
Exception at PC 0x00007FF8326BCD29
Exception at PC 0x00007FF8326BCD29
Exception at PC 0x00007FF8326BCD29
Exception at PC 0x00007FF8326BCD29
Exception at PC 0x00007FF8326BCD29
Exception at PC 0x00007FF8326BCD29
Exception at PC 0x00007FF8326BCD29
Exception at PC 0x00007FF8326BCD29
Exception at PC 0x00007FF8326BCD29
Exception at PC 0x00007FF8326BCD29
Exception at PC 0x00007FF8326BCD29
Exception at PC 0x00007FF8326BCD29
Exception at PC 0x00007FFFB7951A52
Attemped to write at address 0x00007FFFB9C09BA4
Printing stacktrace...

[0]  [0x00007FFFB7951A52]
[1]  [0x00007FFFB7951A52]
[2]  [0x00007FFFB7951AD4]
[3]  [0x00007FFFB7A93FF7]
[4]  [0x00007FFFB7979128]
[5]  [0x00007FFFB7C2DFB9]
[6]  [0x00007FFFB7DFEF23]
[7]  [0x00007FFFB7D0B06B]
[8]  [0x00007FFFB7D008AF]
[9]  [0x00007FFFB7D00A32]
[10] (RtlActivateActivationContextUnsafeFast+0x11d) [0x00007FF834F49A1D]
[11] (LdrShutdownProcess+0x24c) [0x00007FF834F8DCEC]
[12] (RtlExitUserProcess+0xad) [0x00007FF834F8DA7D]
[13] (FatalExit+0xb) [0x00007FF834D6E0AB]
[14] (exit+0x85) [0x00007FF8343EA155]
[15] (initterm_e+0x245) [0x00007FF8343EA7C5]
[16]  [0x00000000004014CD]
[17]  [0x000000000040151B]
[18] (BaseThreadInitThunk+0x14) [0x00007FF834D67034]
[19] (RtlUserThreadStart+0x21) [0x00007FF834F826A1]
Done
