
*** Running vivado
    with args -log inst_rom.vds -m64 -product Vivado -mode batch -messageDb vivado.pb -notrace -source inst_rom.tcl


****** Vivado v2017.1 (64-bit)
  **** SW Build 1846317 on Fri Apr 14 18:55:03 MDT 2017
  **** IP Build 1846188 on Fri Apr 14 20:52:08 MDT 2017
    ** Copyright 1986-2017 Xilinx, Inc. All Rights Reserved.

source inst_rom.tcl -notrace
Starting RTL Elaboration : Time (s): cpu = 00:00:04 ; elapsed = 00:00:04 . Memory (MB): peak = 373.062 ; gain = 82.668
INFO: [Synth 8-638] synthesizing module 'inst_rom' [d:/vivadowork/pipeline/pipeline.srcs/sources_1/ip/inst_rom/synth/inst_rom.vhd:67]
INFO: [Synth 8-256] done synthesizing module 'inst_rom' (9#1) [d:/vivadowork/pipeline/pipeline.srcs/sources_1/ip/inst_rom/synth/inst_rom.vhd:67]
Finished RTL Elaboration : Time (s): cpu = 00:00:36 ; elapsed = 00:00:37 . Memory (MB): peak = 579.426 ; gain = 289.031
Finished RTL Optimization Phase 1 : Time (s): cpu = 00:00:36 ; elapsed = 00:00:37 . Memory (MB): peak = 579.426 ; gain = 289.031
INFO: [Device 21-403] Loading part xc7a200tfbg676-2
Constraint Validation Runtime : Time (s): cpu = 00:00:00 ; elapsed = 00:00:00.079 . Memory (MB): peak = 678.941 ; gain = 0.000
Finished Constraint Validation : Time (s): cpu = 00:00:44 ; elapsed = 00:00:47 . Memory (MB): peak = 678.941 ; gain = 388.547
Finished Loading Part and Timing Information : Time (s): cpu = 00:00:44 ; elapsed = 00:00:47 . Memory (MB): peak = 678.941 ; gain = 388.547
Finished applying 'set_property' XDC Constraints : Time (s): cpu = 00:00:44 ; elapsed = 00:00:47 . Memory (MB): peak = 678.941 ; gain = 388.547
Finished RTL Optimization Phase 2 : Time (s): cpu = 00:00:44 ; elapsed = 00:00:47 . Memory (MB): peak = 678.941 ; gain = 388.547
Finished Cross Boundary and Area Optimization : Time (s): cpu = 00:00:45 ; elapsed = 00:00:47 . Memory (MB): peak = 678.941 ; gain = 388.547
Finished Applying XDC Timing Constraints : Time (s): cpu = 00:00:52 ; elapsed = 00:00:55 . Memory (MB): peak = 701.488 ; gain = 411.094
Finished Timing Optimization : Time (s): cpu = 00:00:52 ; elapsed = 00:00:55 . Memory (MB): peak = 701.488 ; gain = 411.094
Finished Technology Mapping : Time (s): cpu = 00:00:52 ; elapsed = 00:00:55 . Memory (MB): peak = 710.629 ; gain = 420.234
Finished IO Insertion : Time (s): cpu = 00:00:52 ; elapsed = 00:00:55 . Memory (MB): peak = 710.629 ; gain = 420.234
Finished Renaming Generated Instances : Time (s): cpu = 00:00:52 ; elapsed = 00:00:55 . Memory (MB): peak = 710.629 ; gain = 420.234
Finished Rebuilding User Hierarchy : Time (s): cpu = 00:00:52 ; elapsed = 00:00:55 . Memory (MB): peak = 710.629 ; gain = 420.234
Finished Renaming Generated Ports : Time (s): cpu = 00:00:52 ; elapsed = 00:00:55 . Memory (MB): peak = 710.629 ; gain = 420.234
Finished Handling Custom Attributes : Time (s): cpu = 00:00:52 ; elapsed = 00:00:55 . Memory (MB): peak = 710.629 ; gain = 420.234
Finished Renaming Generated Nets : Time (s): cpu = 00:00:52 ; elapsed = 00:00:55 . Memory (MB): peak = 710.629 ; gain = 420.234

Report Cell Usage: 
+------+---------+------+
|      |Cell     |Count |
+------+---------+------+
|1     |RAMB18E1 |     1|
+------+---------+------+
Finished Writing Synthesis Report : Time (s): cpu = 00:00:52 ; elapsed = 00:00:55 . Memory (MB): peak = 710.629 ; gain = 420.234
synth_design: Time (s): cpu = 00:00:53 ; elapsed = 00:00:57 . Memory (MB): peak = 728.852 ; gain = 438.457
